u:\cpp_game\new\game_\game\debug\vc143.pdb
u:\cpp_game\new\game_\game\debug\vc143.idb
u:\cpp_game\new\game_\game\debug\vector2d.obj
u:\cpp_game\new\game_\game\debug\texturemanager.obj
u:\cpp_game\new\game_\game\debug\map.obj
u:\cpp_game\new\game_\game\debug\main.obj
u:\cpp_game\new\game_\game\debug\gameobject.obj
u:\cpp_game\new\game_\game\debug\game.obj
u:\cpp_game\new\game_\game\debug\ecs.obj
u:\cpp_game\new\game_\game\debug\collision.obj
u:\cpp_game\new\game_\game\debug\assetmanager.obj
u:\cpp_game\new\game_\debug\game.exe
u:\cpp_game\new\game_\game\debug\game.ilk
u:\cpp_game\new\game_\debug\game.pdb
u:\cpp_game\new\game_\game\debug\game.tlog\cl.command.1.tlog
u:\cpp_game\new\game_\game\debug\game.tlog\cl.items.tlog
u:\cpp_game\new\game_\game\debug\game.tlog\cl.read.1.tlog
u:\cpp_game\new\game_\game\debug\game.tlog\cl.write.1.tlog
u:\cpp_game\new\game_\game\debug\game.tlog\link.command.1.tlog
u:\cpp_game\new\game_\game\debug\game.tlog\link.read.1.tlog
u:\cpp_game\new\game_\game\debug\game.tlog\link.write.1.tlog
